INFO - 2023-10-22 22:54:12,389 - Starting forecast collection
DEBUG - 2023-10-22 23:00:00,396 - Starting new HTTPS connection (1): api.weather.gov:443
DEBUG - 2023-10-22 23:00:00,964 - https://api.weather.gov:443 "GET /gridpoints/RNK/17,16/forecast/hourly HTTP/1.1" 200 4970
INFO - 2023-10-22 23:00:00,975 - Data successfully saved to forecast-data\forecast_10-22-2023_23-00-00.json
DEBUG - 2023-10-23 00:00:01,010 - Starting new HTTPS connection (1): api.weather.gov:443
DEBUG - 2023-10-23 00:00:02,289 - https://api.weather.gov:443 "GET /gridpoints/RNK/17,16/forecast/hourly HTTP/1.1" 500 338
DEBUG - 2023-10-23 00:00:12,292 - Starting new HTTPS connection (1): api.weather.gov:443
DEBUG - 2023-10-23 00:00:13,100 - https://api.weather.gov:443 "GET /gridpoints/RNK/17,16/forecast/hourly HTTP/1.1" 200 4982
INFO - 2023-10-23 00:00:13,114 - Data successfully saved to forecast-data\forecast_10-23-2023_00-00-12.json
DEBUG - 2023-10-23 01:00:00,149 - Starting new HTTPS connection (1): api.weather.gov:443
DEBUG - 2023-10-23 01:00:00,571 - https://api.weather.gov:443 "GET /gridpoints/RNK/17,16/forecast/hourly HTTP/1.1" 200 4982
INFO - 2023-10-23 01:00:00,584 - Data successfully saved to forecast-data\forecast_10-23-2023_01-00-00.json
DEBUG - 2023-10-23 02:00:00,619 - Starting new HTTPS connection (1): api.weather.gov:443
DEBUG - 2023-10-23 02:00:02,000 - https://api.weather.gov:443 "GET /gridpoints/RNK/17,16/forecast/hourly HTTP/1.1" 200 4955
INFO - 2023-10-23 02:00:02,013 - Data successfully saved to forecast-data\forecast_10-23-2023_02-00-00.json
DEBUG - 2023-10-23 03:00:00,048 - Starting new HTTPS connection (1): api.weather.gov:443
DEBUG - 2023-10-23 03:00:00,475 - https://api.weather.gov:443 "GET /gridpoints/RNK/17,16/forecast/hourly HTTP/1.1" 200 4955
INFO - 2023-10-23 03:00:00,488 - Data successfully saved to forecast-data\forecast_10-23-2023_03-00-00.json
DEBUG - 2023-10-23 04:00:00,531 - Starting new HTTPS connection (1): api.weather.gov:443
DEBUG - 2023-10-23 04:00:01,355 - https://api.weather.gov:443 "GET /gridpoints/RNK/17,16/forecast/hourly HTTP/1.1" 200 4978
INFO - 2023-10-23 04:00:01,368 - Data successfully saved to forecast-data\forecast_10-23-2023_04-00-00.json
DEBUG - 2023-10-23 05:00:00,548 - Starting new HTTPS connection (1): api.weather.gov:443
DEBUG - 2023-10-23 05:00:01,486 - https://api.weather.gov:443 "GET /gridpoints/RNK/17,16/forecast/hourly HTTP/1.1" 200 4985
INFO - 2023-10-23 05:00:01,499 - Data successfully saved to forecast-data\forecast_10-23-2023_05-00-00.json
DEBUG - 2023-10-23 06:00:00,567 - Starting new HTTPS connection (1): api.weather.gov:443
DEBUG - 2023-10-23 06:00:01,939 - https://api.weather.gov:443 "GET /gridpoints/RNK/17,16/forecast/hourly HTTP/1.1" 500 338
DEBUG - 2023-10-23 06:00:11,943 - Starting new HTTPS connection (1): api.weather.gov:443
DEBUG - 2023-10-23 06:00:13,074 - https://api.weather.gov:443 "GET /gridpoints/RNK/17,16/forecast/hourly HTTP/1.1" 200 4972
INFO - 2023-10-23 06:00:13,088 - Data successfully saved to forecast-data\forecast_10-23-2023_06-00-11.json
DEBUG - 2023-10-23 07:00:00,130 - Starting new HTTPS connection (1): api.weather.gov:443
DEBUG - 2023-10-23 07:00:00,568 - https://api.weather.gov:443 "GET /gridpoints/RNK/17,16/forecast/hourly HTTP/1.1" 200 4972
INFO - 2023-10-23 07:00:00,581 - Data successfully saved to forecast-data\forecast_10-23-2023_07-00-00.json
DEBUG - 2023-10-23 08:00:00,617 - Starting new HTTPS connection (1): api.weather.gov:443
DEBUG - 2023-10-23 08:00:02,021 - https://api.weather.gov:443 "GET /gridpoints/RNK/17,16/forecast/hourly HTTP/1.1" 500 338
DEBUG - 2023-10-23 08:00:12,025 - Starting new HTTPS connection (1): api.weather.gov:443
DEBUG - 2023-10-23 08:00:13,052 - https://api.weather.gov:443 "GET /gridpoints/RNK/17,16/forecast/hourly HTTP/1.1" 500 338
DEBUG - 2023-10-23 08:00:23,055 - Starting new HTTPS connection (1): api.weather.gov:443
DEBUG - 2023-10-23 08:00:23,910 - https://api.weather.gov:443 "GET /gridpoints/RNK/17,16/forecast/hourly HTTP/1.1" 200 4995
INFO - 2023-10-23 08:00:23,924 - Data successfully saved to forecast-data\forecast_10-23-2023_08-00-23.json
DEBUG - 2023-10-23 09:00:00,958 - Starting new HTTPS connection (1): api.weather.gov:443
DEBUG - 2023-10-23 09:00:06,654 - https://api.weather.gov:443 "GET /gridpoints/RNK/17,16/forecast/hourly HTTP/1.1" 200 4989
INFO - 2023-10-23 09:00:06,668 - Data successfully saved to forecast-data\forecast_10-23-2023_09-00-00.json
DEBUG - 2023-10-23 10:00:00,702 - Starting new HTTPS connection (1): api.weather.gov:443
DEBUG - 2023-10-23 10:00:04,691 - https://api.weather.gov:443 "GET /gridpoints/RNK/17,16/forecast/hourly HTTP/1.1" 200 4979
INFO - 2023-10-23 10:00:04,704 - Data successfully saved to forecast-data\forecast_10-23-2023_10-00-00.json
DEBUG - 2023-10-23 11:00:00,737 - Starting new HTTPS connection (1): api.weather.gov:443
DEBUG - 2023-10-23 11:00:01,223 - https://api.weather.gov:443 "GET /gridpoints/RNK/17,16/forecast/hourly HTTP/1.1" 200 4979
INFO - 2023-10-23 11:00:01,236 - Data successfully saved to forecast-data\forecast_10-23-2023_11-00-00.json
DEBUG - 2023-10-23 12:00:00,270 - Starting new HTTPS connection (1): api.weather.gov:443
DEBUG - 2023-10-23 12:00:04,045 - https://api.weather.gov:443 "GET /gridpoints/RNK/17,16/forecast/hourly HTTP/1.1" 200 4984
INFO - 2023-10-23 12:00:04,058 - Data successfully saved to forecast-data\forecast_10-23-2023_12-00-00.json
DEBUG - 2023-10-23 13:00:00,091 - Starting new HTTPS connection (1): api.weather.gov:443
DEBUG - 2023-10-23 13:00:03,916 - https://api.weather.gov:443 "GET /gridpoints/RNK/17,16/forecast/hourly HTTP/1.1" 200 4992
INFO - 2023-10-23 13:00:03,934 - Data successfully saved to forecast-data\forecast_10-23-2023_13-00-00.json
DEBUG - 2023-10-23 14:00:01,110 - Starting new HTTPS connection (1): api.weather.gov:443
DEBUG - 2023-10-23 14:00:04,221 - https://api.weather.gov:443 "GET /gridpoints/RNK/17,16/forecast/hourly HTTP/1.1" 200 5054
INFO - 2023-10-23 14:00:04,234 - Data successfully saved to forecast-data\forecast_10-23-2023_14-00-01.json
DEBUG - 2023-10-23 15:00:00,308 - Starting new HTTPS connection (1): api.weather.gov:443
DEBUG - 2023-10-23 15:00:00,806 - https://api.weather.gov:443 "GET /gridpoints/RNK/17,16/forecast/hourly HTTP/1.1" 200 5054
INFO - 2023-10-23 15:00:00,813 - Data successfully saved to forecast-data\forecast_10-23-2023_15-00-00.json
DEBUG - 2023-10-23 16:00:00,856 - Starting new HTTPS connection (1): api.weather.gov:443
DEBUG - 2023-10-23 16:00:02,388 - https://api.weather.gov:443 "GET /gridpoints/RNK/17,16/forecast/hourly HTTP/1.1" 200 5067
INFO - 2023-10-23 16:00:02,402 - Data successfully saved to forecast-data\forecast_10-23-2023_16-00-00.json
DEBUG - 2023-10-23 17:00:00,437 - Starting new HTTPS connection (1): api.weather.gov:443
DEBUG - 2023-10-23 17:00:02,188 - https://api.weather.gov:443 "GET /gridpoints/RNK/17,16/forecast/hourly HTTP/1.1" 200 5074
INFO - 2023-10-23 17:00:02,202 - Data successfully saved to forecast-data\forecast_10-23-2023_17-00-00.json
DEBUG - 2023-10-23 18:00:00,237 - Starting new HTTPS connection (1): api.weather.gov:443
DEBUG - 2023-10-23 18:00:00,674 - https://api.weather.gov:443 "GET /gridpoints/RNK/17,16/forecast/hourly HTTP/1.1" 200 5074
INFO - 2023-10-23 18:00:00,687 - Data successfully saved to forecast-data\forecast_10-23-2023_18-00-00.json
DEBUG - 2023-10-23 19:00:00,721 - Starting new HTTPS connection (1): api.weather.gov:443
DEBUG - 2023-10-23 19:00:03,148 - https://api.weather.gov:443 "GET /gridpoints/RNK/17,16/forecast/hourly HTTP/1.1" 500 336
DEBUG - 2023-10-23 19:00:13,151 - Starting new HTTPS connection (1): api.weather.gov:443
DEBUG - 2023-10-23 19:00:13,704 - https://api.weather.gov:443 "GET /gridpoints/RNK/17,16/forecast/hourly HTTP/1.1" 500 338
DEBUG - 2023-10-23 19:00:23,708 - Starting new HTTPS connection (1): api.weather.gov:443
DEBUG - 2023-10-23 19:00:24,901 - https://api.weather.gov:443 "GET /gridpoints/RNK/17,16/forecast/hourly HTTP/1.1" 200 5062
INFO - 2023-10-23 19:00:24,915 - Data successfully saved to forecast-data\forecast_10-23-2023_19-00-23.json
DEBUG - 2023-10-23 20:00:00,948 - Starting new HTTPS connection (1): api.weather.gov:443
DEBUG - 2023-10-23 20:00:01,669 - https://api.weather.gov:443 "GET /gridpoints/RNK/17,16/forecast/hourly HTTP/1.1" 200 5062
INFO - 2023-10-23 20:00:01,682 - Data successfully saved to forecast-data\forecast_10-23-2023_20-00-00.json
DEBUG - 2023-10-23 21:00:00,715 - Starting new HTTPS connection (1): api.weather.gov:443
DEBUG - 2023-10-23 21:00:01,783 - https://api.weather.gov:443 "GET /gridpoints/RNK/17,16/forecast/hourly HTTP/1.1" 500 336
DEBUG - 2023-10-23 21:00:11,786 - Starting new HTTPS connection (1): api.weather.gov:443
DEBUG - 2023-10-23 21:00:12,665 - https://api.weather.gov:443 "GET /gridpoints/RNK/17,16/forecast/hourly HTTP/1.1" 200 5084
INFO - 2023-10-23 21:00:12,679 - Data successfully saved to forecast-data\forecast_10-23-2023_21-00-11.json
DEBUG - 2023-10-23 22:00:00,712 - Starting new HTTPS connection (1): api.weather.gov:443
DEBUG - 2023-10-23 22:00:01,219 - https://api.weather.gov:443 "GET /gridpoints/RNK/17,16/forecast/hourly HTTP/1.1" 200 5084
INFO - 2023-10-23 22:00:01,234 - Data successfully saved to forecast-data\forecast_10-23-2023_22-00-00.json
DEBUG - 2023-10-23 23:00:00,438 - Starting new HTTPS connection (1): api.weather.gov:443
DEBUG - 2023-10-23 23:00:01,981 - https://api.weather.gov:443 "GET /gridpoints/RNK/17,16/forecast/hourly HTTP/1.1" 200 5104
INFO - 2023-10-23 23:00:01,994 - Data successfully saved to forecast-data\forecast_10-23-2023_23-00-00.json
DEBUG - 2023-10-24 00:00:01,062 - Starting new HTTPS connection (1): api.weather.gov:443
DEBUG - 2023-10-24 00:00:05,989 - https://api.weather.gov:443 "GET /gridpoints/RNK/17,16/forecast/hourly HTTP/1.1" 200 5115
INFO - 2023-10-24 00:00:06,002 - Data successfully saved to forecast-data\forecast_10-24-2023_00-00-01.json
DEBUG - 2023-10-24 01:00:00,035 - Starting new HTTPS connection (1): api.weather.gov:443
DEBUG - 2023-10-24 01:00:00,623 - https://api.weather.gov:443 "GET /gridpoints/RNK/17,16/forecast/hourly HTTP/1.1" 200 5115
INFO - 2023-10-24 01:00:00,636 - Data successfully saved to forecast-data\forecast_10-24-2023_01-00-00.json
DEBUG - 2023-10-24 02:00:00,670 - Starting new HTTPS connection (1): api.weather.gov:443
DEBUG - 2023-10-24 02:00:01,832 - https://api.weather.gov:443 "GET /gridpoints/RNK/17,16/forecast/hourly HTTP/1.1" 500 336
DEBUG - 2023-10-24 02:00:11,835 - Starting new HTTPS connection (1): api.weather.gov:443
DEBUG - 2023-10-24 02:00:12,337 - https://api.weather.gov:443 "GET /gridpoints/RNK/17,16/forecast/hourly HTTP/1.1" 500 336
DEBUG - 2023-10-24 02:00:22,340 - Starting new HTTPS connection (1): api.weather.gov:443
DEBUG - 2023-10-24 02:00:23,479 - https://api.weather.gov:443 "GET /gridpoints/RNK/17,16/forecast/hourly HTTP/1.1" 200 5114
INFO - 2023-10-24 02:00:23,492 - Data successfully saved to forecast-data\forecast_10-24-2023_02-00-22.json
DEBUG - 2023-10-24 03:00:00,526 - Starting new HTTPS connection (1): api.weather.gov:443
DEBUG - 2023-10-24 03:00:00,897 - https://api.weather.gov:443 "GET /gridpoints/RNK/17,16/forecast/hourly HTTP/1.1" 200 5114
INFO - 2023-10-24 03:00:00,910 - Data successfully saved to forecast-data\forecast_10-24-2023_03-00-00.json
DEBUG - 2023-10-24 04:00:00,943 - Starting new HTTPS connection (1): api.weather.gov:443
DEBUG - 2023-10-24 04:00:01,668 - https://api.weather.gov:443 "GET /gridpoints/RNK/17,16/forecast/hourly HTTP/1.1" 500 336
DEBUG - 2023-10-24 04:00:11,671 - Starting new HTTPS connection (1): api.weather.gov:443
DEBUG - 2023-10-24 04:00:12,449 - https://api.weather.gov:443 "GET /gridpoints/RNK/17,16/forecast/hourly HTTP/1.1" 200 5121
INFO - 2023-10-24 04:00:12,463 - Data successfully saved to forecast-data\forecast_10-24-2023_04-00-11.json
DEBUG - 2023-10-24 05:00:00,497 - Starting new HTTPS connection (1): api.weather.gov:443
DEBUG - 2023-10-24 05:00:00,945 - https://api.weather.gov:443 "GET /gridpoints/RNK/17,16/forecast/hourly HTTP/1.1" 200 5121
INFO - 2023-10-24 05:00:00,959 - Data successfully saved to forecast-data\forecast_10-24-2023_05-00-00.json
DEBUG - 2023-10-24 06:00:00,992 - Starting new HTTPS connection (1): api.weather.gov:443
DEBUG - 2023-10-24 06:00:01,984 - https://api.weather.gov:443 "GET /gridpoints/RNK/17,16/forecast/hourly HTTP/1.1" 200 5098
INFO - 2023-10-24 06:00:01,992 - Data successfully saved to forecast-data\forecast_10-24-2023_06-00-00.json
DEBUG - 2023-10-24 07:00:01,026 - Starting new HTTPS connection (1): api.weather.gov:443
DEBUG - 2023-10-24 07:00:01,433 - https://api.weather.gov:443 "GET /gridpoints/RNK/17,16/forecast/hourly HTTP/1.1" 200 5098
INFO - 2023-10-24 07:00:01,447 - Data successfully saved to forecast-data\forecast_10-24-2023_07-00-01.json
DEBUG - 2023-10-24 08:00:00,623 - Starting new HTTPS connection (1): api.weather.gov:443
DEBUG - 2023-10-24 08:00:01,083 - https://api.weather.gov:443 "GET /gridpoints/RNK/17,16/forecast/hourly HTTP/1.1" 200 5109
INFO - 2023-10-24 08:00:01,097 - Data successfully saved to forecast-data\forecast_10-24-2023_08-00-00.json
DEBUG - 2023-10-24 09:00:00,184 - Starting new HTTPS connection (1): api.weather.gov:443
DEBUG - 2023-10-24 09:00:00,650 - https://api.weather.gov:443 "GET /gridpoints/RNK/17,16/forecast/hourly HTTP/1.1" 200 5100
INFO - 2023-10-24 09:00:00,663 - Data successfully saved to forecast-data\forecast_10-24-2023_09-00-00.json
DEBUG - 2023-10-24 10:00:00,697 - Starting new HTTPS connection (1): api.weather.gov:443
DEBUG - 2023-10-24 10:00:01,120 - https://api.weather.gov:443 "GET /gridpoints/RNK/17,16/forecast/hourly HTTP/1.1" 200 5104
INFO - 2023-10-24 10:00:01,130 - Data successfully saved to forecast-data\forecast_10-24-2023_10-00-00.json
DEBUG - 2023-10-24 11:00:00,164 - Starting new HTTPS connection (1): api.weather.gov:443
DEBUG - 2023-10-24 11:00:00,895 - https://api.weather.gov:443 "GET /gridpoints/RNK/17,16/forecast/hourly HTTP/1.1" 200 5074
INFO - 2023-10-24 11:00:00,908 - Data successfully saved to forecast-data\forecast_10-24-2023_11-00-00.json
DEBUG - 2023-10-24 12:00:00,941 - Starting new HTTPS connection (1): api.weather.gov:443
DEBUG - 2023-10-24 12:00:02,354 - https://api.weather.gov:443 "GET /gridpoints/RNK/17,16/forecast/hourly HTTP/1.1" 500 336
DEBUG - 2023-10-24 12:00:12,358 - Starting new HTTPS connection (1): api.weather.gov:443
DEBUG - 2023-10-24 12:00:13,369 - https://api.weather.gov:443 "GET /gridpoints/RNK/17,16/forecast/hourly HTTP/1.1" 200 5078
INFO - 2023-10-24 12:00:13,384 - Data successfully saved to forecast-data\forecast_10-24-2023_12-00-12.json
DEBUG - 2023-10-24 13:00:00,417 - Starting new HTTPS connection (1): api.weather.gov:443
DEBUG - 2023-10-24 13:00:00,845 - https://api.weather.gov:443 "GET /gridpoints/RNK/17,16/forecast/hourly HTTP/1.1" 200 5078
INFO - 2023-10-24 13:00:00,859 - Data successfully saved to forecast-data\forecast_10-24-2023_13-00-00.json
DEBUG - 2023-10-24 14:00:00,892 - Starting new HTTPS connection (1): api.weather.gov:443
DEBUG - 2023-10-24 14:00:03,544 - https://api.weather.gov:443 "GET /gridpoints/RNK/17,16/forecast/hourly HTTP/1.1" 200 5060
INFO - 2023-10-24 14:00:03,558 - Data successfully saved to forecast-data\forecast_10-24-2023_14-00-00.json
DEBUG - 2023-10-24 15:00:00,591 - Starting new HTTPS connection (1): api.weather.gov:443
DEBUG - 2023-10-24 15:00:01,104 - https://api.weather.gov:443 "GET /gridpoints/RNK/17,16/forecast/hourly HTTP/1.1" 200 5060
INFO - 2023-10-24 15:00:01,111 - Data successfully saved to forecast-data\forecast_10-24-2023_15-00-00.json
DEBUG - 2023-10-24 16:00:00,145 - Starting new HTTPS connection (1): api.weather.gov:443
DEBUG - 2023-10-24 16:00:00,747 - https://api.weather.gov:443 "GET /gridpoints/RNK/17,16/forecast/hourly HTTP/1.1" 200 5081
INFO - 2023-10-24 16:00:00,760 - Data successfully saved to forecast-data\forecast_10-24-2023_16-00-00.json
DEBUG - 2023-10-24 17:00:00,912 - Starting new HTTPS connection (1): api.weather.gov:443
DEBUG - 2023-10-24 17:00:02,221 - https://api.weather.gov:443 "GET /gridpoints/RNK/17,16/forecast/hourly HTTP/1.1" 200 5093
INFO - 2023-10-24 17:00:02,230 - Data successfully saved to forecast-data\forecast_10-24-2023_17-00-00.json
DEBUG - 2023-10-24 18:00:00,333 - Starting new HTTPS connection (1): api.weather.gov:443
DEBUG - 2023-10-24 18:00:00,884 - https://api.weather.gov:443 "GET /gridpoints/RNK/17,16/forecast/hourly HTTP/1.1" 200 5093
INFO - 2023-10-24 18:00:00,897 - Data successfully saved to forecast-data\forecast_10-24-2023_18-00-00.json
DEBUG - 2023-10-24 19:00:00,931 - Starting new HTTPS connection (1): api.weather.gov:443
DEBUG - 2023-10-24 19:00:01,396 - https://api.weather.gov:443 "GET /gridpoints/RNK/17,16/forecast/hourly HTTP/1.1" 200 5091
INFO - 2023-10-24 19:00:01,411 - Data successfully saved to forecast-data\forecast_10-24-2023_19-00-00.json
DEBUG - 2023-10-24 20:00:00,445 - Starting new HTTPS connection (1): api.weather.gov:443
DEBUG - 2023-10-24 20:00:04,319 - https://api.weather.gov:443 "GET /gridpoints/RNK/17,16/forecast/hourly HTTP/1.1" 200 5103
INFO - 2023-10-24 20:00:04,333 - Data successfully saved to forecast-data\forecast_10-24-2023_20-00-00.json
DEBUG - 2023-10-24 21:00:00,367 - Starting new HTTPS connection (1): api.weather.gov:443
DEBUG - 2023-10-24 21:00:04,108 - https://api.weather.gov:443 "GET /gridpoints/RNK/17,16/forecast/hourly HTTP/1.1" 200 5127
INFO - 2023-10-24 21:00:04,122 - Data successfully saved to forecast-data\forecast_10-24-2023_21-00-00.json
DEBUG - 2023-10-24 22:00:00,156 - Starting new HTTPS connection (1): api.weather.gov:443
DEBUG - 2023-10-24 22:00:02,831 - https://api.weather.gov:443 "GET /gridpoints/RNK/17,16/forecast/hourly HTTP/1.1" 200 5138
INFO - 2023-10-24 22:00:02,845 - Data successfully saved to forecast-data\forecast_10-24-2023_22-00-00.json
DEBUG - 2023-10-24 23:00:00,879 - Starting new HTTPS connection (1): api.weather.gov:443
DEBUG - 2023-10-24 23:00:01,291 - https://api.weather.gov:443 "GET /gridpoints/RNK/17,16/forecast/hourly HTTP/1.1" 200 5138
INFO - 2023-10-24 23:00:01,305 - Data successfully saved to forecast-data\forecast_10-24-2023_23-00-00.json
DEBUG - 2023-10-25 00:00:00,339 - Starting new HTTPS connection (1): api.weather.gov:443
DEBUG - 2023-10-25 00:00:01,809 - https://api.weather.gov:443 "GET /gridpoints/RNK/17,16/forecast/hourly HTTP/1.1" 500 338
DEBUG - 2023-10-25 00:00:11,812 - Starting new HTTPS connection (1): api.weather.gov:443
DEBUG - 2023-10-25 00:00:12,888 - https://api.weather.gov:443 "GET /gridpoints/RNK/17,16/forecast/hourly HTTP/1.1" 200 5148
INFO - 2023-10-25 00:00:12,902 - Data successfully saved to forecast-data\forecast_10-25-2023_00-00-11.json
DEBUG - 2023-10-25 01:00:00,935 - Starting new HTTPS connection (1): api.weather.gov:443
DEBUG - 2023-10-25 01:00:02,335 - https://api.weather.gov:443 "GET /gridpoints/RNK/17,16/forecast/hourly HTTP/1.1" 200 5148
INFO - 2023-10-25 01:00:02,350 - Data successfully saved to forecast-data\forecast_10-25-2023_01-00-00.json
DEBUG - 2023-10-25 02:00:00,493 - Starting new HTTPS connection (1): api.weather.gov:443
DEBUG - 2023-10-25 02:00:01,060 - https://api.weather.gov:443 "GET /gridpoints/RNK/17,16/forecast/hourly HTTP/1.1" 200 5148
INFO - 2023-10-25 02:00:01,074 - Data successfully saved to forecast-data\forecast_10-25-2023_02-00-00.json
DEBUG - 2023-10-25 03:00:00,207 - Starting new HTTPS connection (1): api.weather.gov:443
DEBUG - 2023-10-25 03:00:00,643 - https://api.weather.gov:443 "GET /gridpoints/RNK/17,16/forecast/hourly HTTP/1.1" 200 5145
INFO - 2023-10-25 03:00:00,656 - Data successfully saved to forecast-data\forecast_10-25-2023_03-00-00.json
DEBUG - 2023-10-25 04:00:00,691 - Starting new HTTPS connection (1): api.weather.gov:443
DEBUG - 2023-10-25 04:00:02,757 - https://api.weather.gov:443 "GET /gridpoints/RNK/17,16/forecast/hourly HTTP/1.1" 200 5143
INFO - 2023-10-25 04:00:02,771 - Data successfully saved to forecast-data\forecast_10-25-2023_04-00-00.json
DEBUG - 2023-10-25 05:00:00,806 - Starting new HTTPS connection (1): api.weather.gov:443
DEBUG - 2023-10-25 05:00:01,302 - https://api.weather.gov:443 "GET /gridpoints/RNK/17,16/forecast/hourly HTTP/1.1" 200 5143
INFO - 2023-10-25 05:00:01,316 - Data successfully saved to forecast-data\forecast_10-25-2023_05-00-00.json
DEBUG - 2023-10-25 06:00:00,350 - Starting new HTTPS connection (1): api.weather.gov:443
DEBUG - 2023-10-25 06:00:01,550 - https://api.weather.gov:443 "GET /gridpoints/RNK/17,16/forecast/hourly HTTP/1.1" 200 5276
INFO - 2023-10-25 06:00:01,571 - Data successfully saved to forecast-data\forecast_10-25-2023_06-00-00.json
DEBUG - 2023-10-25 07:00:00,605 - Starting new HTTPS connection (1): api.weather.gov:443
DEBUG - 2023-10-25 07:00:04,229 - https://api.weather.gov:443 "GET /gridpoints/RNK/17,16/forecast/hourly HTTP/1.1" 200 5279
INFO - 2023-10-25 07:00:04,243 - Data successfully saved to forecast-data\forecast_10-25-2023_07-00-00.json
DEBUG - 2023-10-25 08:00:00,277 - Starting new HTTPS connection (1): api.weather.gov:443
DEBUG - 2023-10-25 08:00:00,703 - https://api.weather.gov:443 "GET /gridpoints/RNK/17,16/forecast/hourly HTTP/1.1" 200 5279
INFO - 2023-10-25 08:00:00,716 - Data successfully saved to forecast-data\forecast_10-25-2023_08-00-00.json
DEBUG - 2023-10-25 09:00:00,751 - Starting new HTTPS connection (1): api.weather.gov:443
DEBUG - 2023-10-25 09:00:03,979 - https://api.weather.gov:443 "GET /gridpoints/RNK/17,16/forecast/hourly HTTP/1.1" 200 5289
INFO - 2023-10-25 09:00:03,993 - Data successfully saved to forecast-data\forecast_10-25-2023_09-00-00.json
DEBUG - 2023-10-25 10:00:01,027 - Starting new HTTPS connection (1): api.weather.gov:443
DEBUG - 2023-10-25 10:00:01,460 - https://api.weather.gov:443 "GET /gridpoints/RNK/17,16/forecast/hourly HTTP/1.1" 200 5289
INFO - 2023-10-25 10:00:01,474 - Data successfully saved to forecast-data\forecast_10-25-2023_10-00-01.json
DEBUG - 2023-10-25 11:00:00,585 - Starting new HTTPS connection (1): api.weather.gov:443
DEBUG - 2023-10-25 11:00:01,103 - https://api.weather.gov:443 "GET /gridpoints/RNK/17,16/forecast/hourly HTTP/1.1" 200 5284
INFO - 2023-10-25 11:00:01,118 - Data successfully saved to forecast-data\forecast_10-25-2023_11-00-00.json
DEBUG - 2023-10-25 12:00:00,256 - Starting new HTTPS connection (1): api.weather.gov:443
DEBUG - 2023-10-25 12:00:00,688 - https://api.weather.gov:443 "GET /gridpoints/RNK/17,16/forecast/hourly HTTP/1.1" 200 5304
INFO - 2023-10-25 12:00:00,697 - Data successfully saved to forecast-data\forecast_10-25-2023_12-00-00.json
DEBUG - 2023-10-25 13:00:00,731 - Starting new HTTPS connection (1): api.weather.gov:443
DEBUG - 2023-10-25 13:00:02,091 - https://api.weather.gov:443 "GET /gridpoints/RNK/17,16/forecast/hourly HTTP/1.1" 200 5316
INFO - 2023-10-25 13:00:02,106 - Data successfully saved to forecast-data\forecast_10-25-2023_13-00-00.json
DEBUG - 2023-10-25 14:00:00,139 - Starting new HTTPS connection (1): api.weather.gov:443
DEBUG - 2023-10-25 14:00:00,595 - https://api.weather.gov:443 "GET /gridpoints/RNK/17,16/forecast/hourly HTTP/1.1" 200 5316
INFO - 2023-10-25 14:00:00,609 - Data successfully saved to forecast-data\forecast_10-25-2023_14-00-00.json
DEBUG - 2023-10-25 15:00:00,642 - Starting new HTTPS connection (1): api.weather.gov:443
DEBUG - 2023-10-25 15:00:02,176 - https://api.weather.gov:443 "GET /gridpoints/RNK/17,16/forecast/hourly HTTP/1.1" 200 5289
INFO - 2023-10-25 15:00:02,189 - Data successfully saved to forecast-data\forecast_10-25-2023_15-00-00.json
DEBUG - 2023-10-25 16:00:00,223 - Starting new HTTPS connection (1): api.weather.gov:443
DEBUG - 2023-10-25 16:00:00,829 - https://api.weather.gov:443 "GET /gridpoints/RNK/17,16/forecast/hourly HTTP/1.1" 200 5289
INFO - 2023-10-25 16:00:00,843 - Data successfully saved to forecast-data\forecast_10-25-2023_16-00-00.json
DEBUG - 2023-10-25 17:00:00,876 - Starting new HTTPS connection (1): api.weather.gov:443
DEBUG - 2023-10-25 17:00:02,129 - https://api.weather.gov:443 "GET /gridpoints/RNK/17,16/forecast/hourly HTTP/1.1" 500 338
DEBUG - 2023-10-25 17:00:12,132 - Starting new HTTPS connection (1): api.weather.gov:443
DEBUG - 2023-10-25 17:00:12,822 - https://api.weather.gov:443 "GET /gridpoints/RNK/17,16/forecast/hourly HTTP/1.1" 500 338
DEBUG - 2023-10-25 17:00:22,826 - Starting new HTTPS connection (1): api.weather.gov:443
DEBUG - 2023-10-25 17:00:23,636 - https://api.weather.gov:443 "GET /gridpoints/RNK/17,16/forecast/hourly HTTP/1.1" 200 5290
INFO - 2023-10-25 17:00:23,652 - Data successfully saved to forecast-data\forecast_10-25-2023_17-00-22.json
DEBUG - 2023-10-25 18:00:00,685 - Starting new HTTPS connection (1): api.weather.gov:443
DEBUG - 2023-10-25 18:00:01,085 - https://api.weather.gov:443 "GET /gridpoints/RNK/17,16/forecast/hourly HTTP/1.1" 200 5290
INFO - 2023-10-25 18:00:01,097 - Data successfully saved to forecast-data\forecast_10-25-2023_18-00-00.json
DEBUG - 2023-10-25 19:00:00,131 - Starting new HTTPS connection (1): api.weather.gov:443
DEBUG - 2023-10-25 19:00:00,691 - https://api.weather.gov:443 "GET /gridpoints/RNK/17,16/forecast/hourly HTTP/1.1" 200 5269
INFO - 2023-10-25 19:00:00,704 - Data successfully saved to forecast-data\forecast_10-25-2023_19-00-00.json
DEBUG - 2023-10-25 20:00:00,804 - Starting new HTTPS connection (1): api.weather.gov:443
DEBUG - 2023-10-25 20:00:05,133 - https://api.weather.gov:443 "GET /gridpoints/RNK/17,16/forecast/hourly HTTP/1.1" 200 5272
INFO - 2023-10-25 20:00:05,148 - Data successfully saved to forecast-data\forecast_10-25-2023_20-00-00.json
DEBUG - 2023-10-25 21:00:00,322 - Starting new HTTPS connection (1): api.weather.gov:443
DEBUG - 2023-10-25 21:00:00,735 - https://api.weather.gov:443 "GET /gridpoints/RNK/17,16/forecast/hourly HTTP/1.1" 200 5272
INFO - 2023-10-25 21:00:00,745 - Data successfully saved to forecast-data\forecast_10-25-2023_21-00-00.json
DEBUG - 2023-10-25 22:00:00,780 - Starting new HTTPS connection (1): api.weather.gov:443
DEBUG - 2023-10-25 22:00:01,236 - https://api.weather.gov:443 "GET /gridpoints/RNK/17,16/forecast/hourly HTTP/1.1" 200 5284
INFO - 2023-10-25 22:00:01,250 - Data successfully saved to forecast-data\forecast_10-25-2023_22-00-00.json
DEBUG - 2023-10-25 23:00:00,284 - Starting new HTTPS connection (1): api.weather.gov:443
DEBUG - 2023-10-25 23:00:03,354 - https://api.weather.gov:443 "GET /gridpoints/RNK/17,16/forecast/hourly HTTP/1.1" 200 5282
INFO - 2023-10-25 23:00:03,367 - Data successfully saved to forecast-data\forecast_10-25-2023_23-00-00.json
DEBUG - 2023-10-26 00:00:00,402 - Starting new HTTPS connection (1): api.weather.gov:443
DEBUG - 2023-10-26 00:00:04,037 - https://api.weather.gov:443 "GET /gridpoints/RNK/17,16/forecast/hourly HTTP/1.1" 200 5283
INFO - 2023-10-26 00:00:04,050 - Data successfully saved to forecast-data\forecast_10-26-2023_00-00-00.json
DEBUG - 2023-10-26 01:00:00,085 - Starting new HTTPS connection (1): api.weather.gov:443
DEBUG - 2023-10-26 01:00:00,673 - https://api.weather.gov:443 "GET /gridpoints/RNK/17,16/forecast/hourly HTTP/1.1" 200 5283
INFO - 2023-10-26 01:00:00,686 - Data successfully saved to forecast-data\forecast_10-26-2023_01-00-00.json
DEBUG - 2023-10-26 02:00:00,720 - Starting new HTTPS connection (1): api.weather.gov:443
DEBUG - 2023-10-26 02:00:01,741 - https://api.weather.gov:443 "GET /gridpoints/RNK/17,16/forecast/hourly HTTP/1.1" 500 332
DEBUG - 2023-10-26 02:00:11,745 - Starting new HTTPS connection (1): api.weather.gov:443
DEBUG - 2023-10-26 02:00:12,642 - https://api.weather.gov:443 "GET /gridpoints/RNK/17,16/forecast/hourly HTTP/1.1" 200 5271
INFO - 2023-10-26 02:00:12,656 - Data successfully saved to forecast-data\forecast_10-26-2023_02-00-11.json
DEBUG - 2023-10-26 03:00:00,690 - Starting new HTTPS connection (1): api.weather.gov:443
DEBUG - 2023-10-26 03:00:03,739 - https://api.weather.gov:443 "GET /gridpoints/RNK/17,16/forecast/hourly HTTP/1.1" 200 5257
INFO - 2023-10-26 03:00:03,753 - Data successfully saved to forecast-data\forecast_10-26-2023_03-00-00.json
DEBUG - 2023-10-26 04:00:00,787 - Starting new HTTPS connection (1): api.weather.gov:443
DEBUG - 2023-10-26 04:00:01,736 - https://api.weather.gov:443 "GET /gridpoints/RNK/17,16/forecast/hourly HTTP/1.1" 200 5256
INFO - 2023-10-26 04:00:01,750 - Data successfully saved to forecast-data\forecast_10-26-2023_04-00-00.json
DEBUG - 2023-10-26 05:00:00,827 - Starting new HTTPS connection (1): api.weather.gov:443
DEBUG - 2023-10-26 05:00:03,485 - https://api.weather.gov:443 "GET /gridpoints/RNK/17,16/forecast/hourly HTTP/1.1" 200 5255
INFO - 2023-10-26 05:00:03,811 - Data successfully saved to forecast-data\forecast_10-26-2023_05-00-00.json
DEBUG - 2023-10-26 06:00:00,992 - Starting new HTTPS connection (1): api.weather.gov:443
DEBUG - 2023-10-26 06:00:01,850 - https://api.weather.gov:443 "GET /gridpoints/RNK/17,16/forecast/hourly HTTP/1.1" 200 5255
INFO - 2023-10-26 06:00:01,864 - Data successfully saved to forecast-data\forecast_10-26-2023_06-00-00.json
DEBUG - 2023-10-26 07:00:00,897 - Starting new HTTPS connection (1): api.weather.gov:443
DEBUG - 2023-10-26 07:00:01,420 - https://api.weather.gov:443 "GET /gridpoints/RNK/17,16/forecast/hourly HTTP/1.1" 200 5257
INFO - 2023-10-26 07:00:01,433 - Data successfully saved to forecast-data\forecast_10-26-2023_07-00-00.json
DEBUG - 2023-10-26 08:00:00,467 - Starting new HTTPS connection (1): api.weather.gov:443
DEBUG - 2023-10-26 08:00:02,340 - https://api.weather.gov:443 "GET /gridpoints/RNK/17,16/forecast/hourly HTTP/1.1" 500 338
DEBUG - 2023-10-26 08:00:12,344 - Starting new HTTPS connection (1): api.weather.gov:443
DEBUG - 2023-10-26 08:00:13,846 - https://api.weather.gov:443 "GET /gridpoints/RNK/17,16/forecast/hourly HTTP/1.1" 200 5263
INFO - 2023-10-26 08:00:13,858 - Data successfully saved to forecast-data\forecast_10-26-2023_08-00-12.json
DEBUG - 2023-10-26 09:00:00,891 - Starting new HTTPS connection (1): api.weather.gov:443
DEBUG - 2023-10-26 09:00:01,350 - https://api.weather.gov:443 "GET /gridpoints/RNK/17,16/forecast/hourly HTTP/1.1" 200 5263
INFO - 2023-10-26 09:00:01,365 - Data successfully saved to forecast-data\forecast_10-26-2023_09-00-00.json
DEBUG - 2023-10-26 10:00:00,399 - Starting new HTTPS connection (1): api.weather.gov:443
DEBUG - 2023-10-26 10:00:04,394 - https://api.weather.gov:443 "GET /gridpoints/RNK/17,16/forecast/hourly HTTP/1.1" 200 5264
INFO - 2023-10-26 10:00:04,403 - Data successfully saved to forecast-data\forecast_10-26-2023_10-00-00.json
DEBUG - 2023-10-26 11:00:00,436 - Starting new HTTPS connection (1): api.weather.gov:443
DEBUG - 2023-10-26 11:00:00,880 - https://api.weather.gov:443 "GET /gridpoints/RNK/17,16/forecast/hourly HTTP/1.1" 200 5264
INFO - 2023-10-26 11:00:00,894 - Data successfully saved to forecast-data\forecast_10-26-2023_11-00-00.json
DEBUG - 2023-10-26 12:00:00,928 - Starting new HTTPS connection (1): api.weather.gov:443
DEBUG - 2023-10-26 12:00:03,494 - https://api.weather.gov:443 "GET /gridpoints/RNK/17,16/forecast/hourly HTTP/1.1" 200 5277
INFO - 2023-10-26 12:00:03,508 - Data successfully saved to forecast-data\forecast_10-26-2023_12-00-00.json
DEBUG - 2023-10-26 13:00:00,541 - Starting new HTTPS connection (1): api.weather.gov:443
DEBUG - 2023-10-26 13:00:01,173 - https://api.weather.gov:443 "GET /gridpoints/RNK/17,16/forecast/hourly HTTP/1.1" 200 5277
INFO - 2023-10-26 13:00:01,187 - Data successfully saved to forecast-data\forecast_10-26-2023_13-00-00.json
DEBUG - 2023-10-26 14:00:00,243 - Starting new HTTPS connection (1): api.weather.gov:443
DEBUG - 2023-10-26 14:00:02,461 - https://api.weather.gov:443 "GET /gridpoints/RNK/17,16/forecast/hourly HTTP/1.1" 200 5266
INFO - 2023-10-26 14:00:02,475 - Data successfully saved to forecast-data\forecast_10-26-2023_14-00-00.json
DEBUG - 2023-10-26 15:00:00,678 - Starting new HTTPS connection (1): api.weather.gov:443
DEBUG - 2023-10-26 15:00:02,138 - https://api.weather.gov:443 "GET /gridpoints/RNK/17,16/forecast/hourly HTTP/1.1" 200 5284
INFO - 2023-10-26 15:00:02,152 - Data successfully saved to forecast-data\forecast_10-26-2023_15-00-00.json
DEBUG - 2023-10-26 16:00:00,185 - Starting new HTTPS connection (1): api.weather.gov:443
DEBUG - 2023-10-26 16:00:01,910 - https://api.weather.gov:443 "GET /gridpoints/RNK/17,16/forecast/hourly HTTP/1.1" 200 5282
INFO - 2023-10-26 16:00:01,935 - Data successfully saved to forecast-data\forecast_10-26-2023_16-00-00.json
DEBUG - 2023-10-26 17:00:00,969 - Starting new HTTPS connection (1): api.weather.gov:443
DEBUG - 2023-10-26 17:00:02,052 - https://api.weather.gov:443 "GET /gridpoints/RNK/17,16/forecast/hourly HTTP/1.1" 200 5290
INFO - 2023-10-26 17:00:02,065 - Data successfully saved to forecast-data\forecast_10-26-2023_17-00-00.json
DEBUG - 2023-10-26 18:00:00,098 - Starting new HTTPS connection (1): api.weather.gov:443
DEBUG - 2023-10-26 18:00:01,057 - https://api.weather.gov:443 "GET /gridpoints/RNK/17,16/forecast/hourly HTTP/1.1" 500 338
DEBUG - 2023-10-26 18:00:11,061 - Starting new HTTPS connection (1): api.weather.gov:443
DEBUG - 2023-10-26 18:00:11,499 - https://api.weather.gov:443 "GET /gridpoints/RNK/17,16/forecast/hourly HTTP/1.1" 500 338
DEBUG - 2023-10-26 18:00:21,503 - Starting new HTTPS connection (1): api.weather.gov:443
DEBUG - 2023-10-26 18:00:22,474 - https://api.weather.gov:443 "GET /gridpoints/RNK/17,16/forecast/hourly HTTP/1.1" 200 5278
INFO - 2023-10-26 18:00:22,489 - Data successfully saved to forecast-data\forecast_10-26-2023_18-00-21.json
DEBUG - 2023-10-26 19:00:00,522 - Starting new HTTPS connection (1): api.weather.gov:443
DEBUG - 2023-10-26 19:00:01,363 - https://api.weather.gov:443 "GET /gridpoints/RNK/17,16/forecast/hourly HTTP/1.1" 200 5278
INFO - 2023-10-26 19:00:01,376 - Data successfully saved to forecast-data\forecast_10-26-2023_19-00-00.json
DEBUG - 2023-10-26 20:00:00,410 - Starting new HTTPS connection (1): api.weather.gov:443
DEBUG - 2023-10-26 20:00:03,802 - https://api.weather.gov:443 "GET /gridpoints/RNK/17,16/forecast/hourly HTTP/1.1" 200 5273
INFO - 2023-10-26 20:00:03,816 - Data successfully saved to forecast-data\forecast_10-26-2023_20-00-00.json
DEBUG - 2023-10-26 21:00:00,850 - Starting new HTTPS connection (1): api.weather.gov:443
DEBUG - 2023-10-26 21:00:03,890 - https://api.weather.gov:443 "GET /gridpoints/RNK/17,16/forecast/hourly HTTP/1.1" 200 5264
INFO - 2023-10-26 21:00:03,903 - Data successfully saved to forecast-data\forecast_10-26-2023_21-00-00.json
DEBUG - 2023-10-26 22:00:00,937 - Starting new HTTPS connection (1): api.weather.gov:443
DEBUG - 2023-10-26 22:00:06,710 - https://api.weather.gov:443 "GET /gridpoints/RNK/17,16/forecast/hourly HTTP/1.1" 200 5273
INFO - 2023-10-26 22:00:06,724 - Data successfully saved to forecast-data\forecast_10-26-2023_22-00-00.json
DEBUG - 2023-10-26 23:00:00,761 - Starting new HTTPS connection (1): api.weather.gov:443
DEBUG - 2023-10-26 23:00:03,739 - https://api.weather.gov:443 "GET /gridpoints/RNK/17,16/forecast/hourly HTTP/1.1" 200 5271
INFO - 2023-10-26 23:00:03,747 - Data successfully saved to forecast-data\forecast_10-26-2023_23-00-00.json
DEBUG - 2023-10-27 00:00:00,987 - Starting new HTTPS connection (1): api.weather.gov:443
DEBUG - 2023-10-27 00:00:01,380 - https://api.weather.gov:443 "GET /gridpoints/RNK/17,16/forecast/hourly HTTP/1.1" 200 5271
INFO - 2023-10-27 00:00:01,394 - Data successfully saved to forecast-data\forecast_10-27-2023_00-00-00.json
DEBUG - 2023-10-27 01:00:00,428 - Starting new HTTPS connection (1): api.weather.gov:443
DEBUG - 2023-10-27 01:00:02,509 - https://api.weather.gov:443 "GET /gridpoints/RNK/17,16/forecast/hourly HTTP/1.1" 200 5264
INFO - 2023-10-27 01:00:02,523 - Data successfully saved to forecast-data\forecast_10-27-2023_01-00-00.json
DEBUG - 2023-10-27 02:00:00,557 - Starting new HTTPS connection (1): api.weather.gov:443
DEBUG - 2023-10-27 02:00:01,115 - https://api.weather.gov:443 "GET /gridpoints/RNK/17,16/forecast/hourly HTTP/1.1" 200 5264
INFO - 2023-10-27 02:00:01,129 - Data successfully saved to forecast-data\forecast_10-27-2023_02-00-00.json
DEBUG - 2023-10-27 03:00:00,164 - Starting new HTTPS connection (1): api.weather.gov:443
DEBUG - 2023-10-27 03:00:03,640 - https://api.weather.gov:443 "GET /gridpoints/RNK/17,16/forecast/hourly HTTP/1.1" 200 5270
INFO - 2023-10-27 03:00:03,654 - Data successfully saved to forecast-data\forecast_10-27-2023_03-00-00.json
DEBUG - 2023-10-27 04:00:00,687 - Starting new HTTPS connection (1): api.weather.gov:443
DEBUG - 2023-10-27 04:00:01,846 - https://api.weather.gov:443 "GET /gridpoints/RNK/17,16/forecast/hourly HTTP/1.1" 200 5276
INFO - 2023-10-27 04:00:01,873 - Data successfully saved to forecast-data\forecast_10-27-2023_04-00-00.json
DEBUG - 2023-10-27 05:00:00,908 - Starting new HTTPS connection (1): api.weather.gov:443
DEBUG - 2023-10-27 05:00:02,123 - https://api.weather.gov:443 "GET /gridpoints/RNK/17,16/forecast/hourly HTTP/1.1" 200 5391
INFO - 2023-10-27 05:00:02,136 - Data successfully saved to forecast-data\forecast_10-27-2023_05-00-00.json
DEBUG - 2023-10-27 06:00:00,170 - Starting new HTTPS connection (1): api.weather.gov:443
DEBUG - 2023-10-27 06:00:00,608 - https://api.weather.gov:443 "GET /gridpoints/RNK/17,16/forecast/hourly HTTP/1.1" 200 5391
INFO - 2023-10-27 06:00:00,622 - Data successfully saved to forecast-data\forecast_10-27-2023_06-00-00.json
DEBUG - 2023-10-27 07:00:00,656 - Starting new HTTPS connection (1): api.weather.gov:443
DEBUG - 2023-10-27 07:00:02,294 - https://api.weather.gov:443 "GET /gridpoints/RNK/17,16/forecast/hourly HTTP/1.1" 500 338
DEBUG - 2023-10-27 07:00:12,298 - Starting new HTTPS connection (1): api.weather.gov:443
DEBUG - 2023-10-27 07:00:13,124 - https://api.weather.gov:443 "GET /gridpoints/RNK/17,16/forecast/hourly HTTP/1.1" 200 5396
INFO - 2023-10-27 07:00:13,137 - Data successfully saved to forecast-data\forecast_10-27-2023_07-00-12.json
DEBUG - 2023-10-27 08:00:00,171 - Starting new HTTPS connection (1): api.weather.gov:443
DEBUG - 2023-10-27 08:00:00,664 - https://api.weather.gov:443 "GET /gridpoints/RNK/17,16/forecast/hourly HTTP/1.1" 200 5396
INFO - 2023-10-27 08:00:00,678 - Data successfully saved to forecast-data\forecast_10-27-2023_08-00-00.json
DEBUG - 2023-10-27 09:00:00,870 - Starting new HTTPS connection (1): api.weather.gov:443
DEBUG - 2023-10-27 09:00:04,086 - https://api.weather.gov:443 "GET /gridpoints/RNK/17,16/forecast/hourly HTTP/1.1" 200 5381
INFO - 2023-10-27 09:00:04,100 - Data successfully saved to forecast-data\forecast_10-27-2023_09-00-00.json
DEBUG - 2023-10-27 10:00:00,168 - Starting new HTTPS connection (1): api.weather.gov:443
DEBUG - 2023-10-27 10:00:00,756 - https://api.weather.gov:443 "GET /gridpoints/RNK/17,16/forecast/hourly HTTP/1.1" 200 5381
INFO - 2023-10-27 10:00:00,770 - Data successfully saved to forecast-data\forecast_10-27-2023_10-00-00.json
DEBUG - 2023-10-27 11:00:00,808 - Starting new HTTPS connection (1): api.weather.gov:443
DEBUG - 2023-10-27 11:00:05,066 - https://api.weather.gov:443 "GET /gridpoints/RNK/17,16/forecast/hourly HTTP/1.1" 200 5392
INFO - 2023-10-27 11:00:05,080 - Data successfully saved to forecast-data\forecast_10-27-2023_11-00-00.json
DEBUG - 2023-10-27 12:00:00,114 - Starting new HTTPS connection (1): api.weather.gov:443
DEBUG - 2023-10-27 12:00:00,648 - https://api.weather.gov:443 "GET /gridpoints/RNK/17,16/forecast/hourly HTTP/1.1" 200 5392
INFO - 2023-10-27 12:00:00,662 - Data successfully saved to forecast-data\forecast_10-27-2023_12-00-00.json
DEBUG - 2023-10-27 13:00:00,695 - Starting new HTTPS connection (1): api.weather.gov:443
DEBUG - 2023-10-27 13:00:01,437 - https://api.weather.gov:443 "GET /gridpoints/RNK/17,16/forecast/hourly HTTP/1.1" 200 5394
INFO - 2023-10-27 13:00:01,450 - Data successfully saved to forecast-data\forecast_10-27-2023_13-00-00.json
DEBUG - 2023-10-27 14:00:00,484 - Starting new HTTPS connection (1): api.weather.gov:443
DEBUG - 2023-10-27 14:00:01,060 - https://api.weather.gov:443 "GET /gridpoints/RNK/17,16/forecast/hourly HTTP/1.1" 200 5406
INFO - 2023-10-27 14:00:01,073 - Data successfully saved to forecast-data\forecast_10-27-2023_14-00-00.json
DEBUG - 2023-10-27 15:00:00,107 - Starting new HTTPS connection (1): api.weather.gov:443
DEBUG - 2023-10-27 15:00:00,556 - https://api.weather.gov:443 "GET /gridpoints/RNK/17,16/forecast/hourly HTTP/1.1" 200 5322
INFO - 2023-10-27 15:00:00,570 - Data successfully saved to forecast-data\forecast_10-27-2023_15-00-00.json
DEBUG - 2023-10-27 16:00:00,604 - Starting new HTTPS connection (1): api.weather.gov:443
DEBUG - 2023-10-27 16:00:02,243 - https://api.weather.gov:443 "GET /gridpoints/RNK/17,16/forecast/hourly HTTP/1.1" 200 5349
INFO - 2023-10-27 16:00:02,257 - Data successfully saved to forecast-data\forecast_10-27-2023_16-00-00.json
DEBUG - 2023-10-27 17:00:00,290 - Starting new HTTPS connection (1): api.weather.gov:443
DEBUG - 2023-10-27 17:00:00,966 - https://api.weather.gov:443 "GET /gridpoints/RNK/17,16/forecast/hourly HTTP/1.1" 200 5349
INFO - 2023-10-27 17:00:00,980 - Data successfully saved to forecast-data\forecast_10-27-2023_17-00-00.json
DEBUG - 2023-10-27 18:00:01,158 - Starting new HTTPS connection (1): api.weather.gov:443
DEBUG - 2023-10-27 18:00:01,758 - https://api.weather.gov:443 "GET /gridpoints/RNK/17,16/forecast/hourly HTTP/1.1" 200 5348
INFO - 2023-10-27 18:00:01,772 - Data successfully saved to forecast-data\forecast_10-27-2023_18-00-01.json
DEBUG - 2023-10-27 19:00:00,858 - Starting new HTTPS connection (1): api.weather.gov:443
DEBUG - 2023-10-27 19:00:01,385 - https://api.weather.gov:443 "GET /gridpoints/RNK/17,16/forecast/hourly HTTP/1.1" 200 5332
INFO - 2023-10-27 19:00:01,399 - Data successfully saved to forecast-data\forecast_10-27-2023_19-00-00.json
DEBUG - 2023-10-27 20:00:00,439 - Starting new HTTPS connection (1): api.weather.gov:443
DEBUG - 2023-10-27 20:00:00,846 - https://api.weather.gov:443 "GET /gridpoints/RNK/17,16/forecast/hourly HTTP/1.1" 200 5317
INFO - 2023-10-27 20:00:00,855 - Data successfully saved to forecast-data\forecast_10-27-2023_20-00-00.json
DEBUG - 2023-10-27 21:00:00,889 - Starting new HTTPS connection (1): api.weather.gov:443
DEBUG - 2023-10-27 21:00:02,979 - https://api.weather.gov:443 "GET /gridpoints/RNK/17,16/forecast/hourly HTTP/1.1" 200 5332
INFO - 2023-10-27 21:00:02,993 - Data successfully saved to forecast-data\forecast_10-27-2023_21-00-00.json
DEBUG - 2023-10-27 22:00:01,027 - Starting new HTTPS connection (1): api.weather.gov:443
DEBUG - 2023-10-27 22:00:02,417 - https://api.weather.gov:443 "GET /gridpoints/RNK/17,16/forecast/hourly HTTP/1.1" 200 5332
INFO - 2023-10-27 22:00:02,425 - Data successfully saved to forecast-data\forecast_10-27-2023_22-00-01.json
DEBUG - 2023-10-27 23:00:00,459 - Starting new HTTPS connection (1): api.weather.gov:443
DEBUG - 2023-10-27 23:00:00,879 - https://api.weather.gov:443 "GET /gridpoints/RNK/17,16/forecast/hourly HTTP/1.1" 200 5344
INFO - 2023-10-27 23:00:00,892 - Data successfully saved to forecast-data\forecast_10-27-2023_23-00-00.json
DEBUG - 2023-10-28 00:00:00,926 - Starting new HTTPS connection (1): api.weather.gov:443
DEBUG - 2023-10-28 00:00:03,621 - https://api.weather.gov:443 "GET /gridpoints/RNK/17,16/forecast/hourly HTTP/1.1" 500 338
DEBUG - 2023-10-28 00:00:13,625 - Starting new HTTPS connection (1): api.weather.gov:443
DEBUG - 2023-10-28 00:00:14,590 - https://api.weather.gov:443 "GET /gridpoints/RNK/17,16/forecast/hourly HTTP/1.1" 200 5333
INFO - 2023-10-28 00:00:14,603 - Data successfully saved to forecast-data\forecast_10-28-2023_00-00-13.json
DEBUG - 2023-10-28 01:00:00,637 - Starting new HTTPS connection (1): api.weather.gov:443
DEBUG - 2023-10-28 01:00:01,200 - https://api.weather.gov:443 "GET /gridpoints/RNK/17,16/forecast/hourly HTTP/1.1" 200 5333
INFO - 2023-10-28 01:00:01,214 - Data successfully saved to forecast-data\forecast_10-28-2023_01-00-00.json
DEBUG - 2023-10-28 02:00:00,248 - Starting new HTTPS connection (1): api.weather.gov:443
DEBUG - 2023-10-28 02:00:00,686 - https://api.weather.gov:443 "GET /gridpoints/RNK/17,16/forecast/hourly HTTP/1.1" 200 5335
INFO - 2023-10-28 02:00:00,699 - Data successfully saved to forecast-data\forecast_10-28-2023_02-00-00.json
DEBUG - 2023-10-28 03:00:00,862 - Starting new HTTPS connection (1): api.weather.gov:443
DEBUG - 2023-10-28 03:00:03,580 - https://api.weather.gov:443 "GET /gridpoints/RNK/17,16/forecast/hourly HTTP/1.1" 200 5341
INFO - 2023-10-28 03:00:03,589 - Data successfully saved to forecast-data\forecast_10-28-2023_03-00-00.json
DEBUG - 2023-10-28 04:00:00,692 - Starting new HTTPS connection (1): api.weather.gov:443
DEBUG - 2023-10-28 04:00:01,437 - https://api.weather.gov:443 "GET /gridpoints/RNK/17,16/forecast/hourly HTTP/1.1" 200 5341
INFO - 2023-10-28 04:00:01,451 - Data successfully saved to forecast-data\forecast_10-28-2023_04-00-00.json
DEBUG - 2023-10-28 05:00:00,494 - Starting new HTTPS connection (1): api.weather.gov:443
DEBUG - 2023-10-28 05:00:01,590 - https://api.weather.gov:443 "GET /gridpoints/RNK/17,16/forecast/hourly HTTP/1.1" 200 5406
INFO - 2023-10-28 05:00:01,604 - Data successfully saved to forecast-data\forecast_10-28-2023_05-00-00.json
DEBUG - 2023-10-28 06:00:00,639 - Starting new HTTPS connection (1): api.weather.gov:443
DEBUG - 2023-10-28 06:00:01,416 - https://api.weather.gov:443 "GET /gridpoints/RNK/17,16/forecast/hourly HTTP/1.1" 500 336
DEBUG - 2023-10-28 06:00:11,419 - Starting new HTTPS connection (1): api.weather.gov:443
DEBUG - 2023-10-28 06:00:12,108 - https://api.weather.gov:443 "GET /gridpoints/RNK/17,16/forecast/hourly HTTP/1.1" 200 5387
INFO - 2023-10-28 06:00:12,122 - Data successfully saved to forecast-data\forecast_10-28-2023_06-00-11.json
DEBUG - 2023-10-28 07:00:00,157 - Starting new HTTPS connection (1): api.weather.gov:443
DEBUG - 2023-10-28 07:00:00,772 - https://api.weather.gov:443 "GET /gridpoints/RNK/17,16/forecast/hourly HTTP/1.1" 200 5387
INFO - 2023-10-28 07:00:00,785 - Data successfully saved to forecast-data\forecast_10-28-2023_07-00-00.json
DEBUG - 2023-10-28 08:00:00,820 - Starting new HTTPS connection (1): api.weather.gov:443
DEBUG - 2023-10-28 08:00:01,313 - https://api.weather.gov:443 "GET /gridpoints/RNK/17,16/forecast/hourly HTTP/1.1" 200 5364
INFO - 2023-10-28 08:00:01,327 - Data successfully saved to forecast-data\forecast_10-28-2023_08-00-00.json
DEBUG - 2023-10-28 09:00:00,361 - Starting new HTTPS connection (1): api.weather.gov:443
DEBUG - 2023-10-28 09:00:00,780 - https://api.weather.gov:443 "GET /gridpoints/RNK/17,16/forecast/hourly HTTP/1.1" 200 5362
INFO - 2023-10-28 09:00:00,794 - Data successfully saved to forecast-data\forecast_10-28-2023_09-00-00.json
DEBUG - 2023-10-28 10:00:00,828 - Starting new HTTPS connection (1): api.weather.gov:443
DEBUG - 2023-10-28 10:00:01,408 - https://api.weather.gov:443 "GET /gridpoints/RNK/17,16/forecast/hourly HTTP/1.1" 200 5370
INFO - 2023-10-28 10:00:01,422 - Data successfully saved to forecast-data\forecast_10-28-2023_10-00-00.json
DEBUG - 2023-10-28 11:00:00,456 - Starting new HTTPS connection (1): api.weather.gov:443
DEBUG - 2023-10-28 11:00:01,746 - https://api.weather.gov:443 "GET /gridpoints/RNK/17,16/forecast/hourly HTTP/1.1" 200 5369
INFO - 2023-10-28 11:00:01,756 - Data successfully saved to forecast-data\forecast_10-28-2023_11-00-00.json
DEBUG - 2023-10-28 12:00:00,897 - Starting new HTTPS connection (1): api.weather.gov:443
DEBUG - 2023-10-28 12:00:01,637 - https://api.weather.gov:443 "GET /gridpoints/RNK/17,16/forecast/hourly HTTP/1.1" 200 5370
INFO - 2023-10-28 12:00:01,650 - Data successfully saved to forecast-data\forecast_10-28-2023_12-00-00.json
DEBUG - 2023-10-28 13:00:00,760 - Starting new HTTPS connection (1): api.weather.gov:443
DEBUG - 2023-10-28 13:00:01,340 - https://api.weather.gov:443 "GET /gridpoints/RNK/17,16/forecast/hourly HTTP/1.1" 200 5337
INFO - 2023-10-28 13:00:01,353 - Data successfully saved to forecast-data\forecast_10-28-2023_13-00-00.json
DEBUG - 2023-10-28 14:00:00,395 - Starting new HTTPS connection (1): api.weather.gov:443
DEBUG - 2023-10-28 14:00:01,424 - https://api.weather.gov:443 "GET /gridpoints/RNK/17,16/forecast/hourly HTTP/1.1" 500 338
DEBUG - 2023-10-28 14:00:11,427 - Starting new HTTPS connection (1): api.weather.gov:443
DEBUG - 2023-10-28 14:00:12,734 - https://api.weather.gov:443 "GET /gridpoints/RNK/17,16/forecast/hourly HTTP/1.1" 200 5319
INFO - 2023-10-28 14:00:12,747 - Data successfully saved to forecast-data\forecast_10-28-2023_14-00-11.json
DEBUG - 2023-10-28 15:00:00,785 - Starting new HTTPS connection (1): api.weather.gov:443
DEBUG - 2023-10-28 15:00:01,259 - https://api.weather.gov:443 "GET /gridpoints/RNK/17,16/forecast/hourly HTTP/1.1" 200 5319
INFO - 2023-10-28 15:00:01,272 - Data successfully saved to forecast-data\forecast_10-28-2023_15-00-00.json
DEBUG - 2023-10-28 16:00:00,308 - Starting new HTTPS connection (1): api.weather.gov:443
DEBUG - 2023-10-28 16:00:00,766 - https://api.weather.gov:443 "GET /gridpoints/RNK/17,16/forecast/hourly HTTP/1.1" 200 5294
INFO - 2023-10-28 16:00:00,780 - Data successfully saved to forecast-data\forecast_10-28-2023_16-00-00.json
DEBUG - 2023-10-28 17:00:00,815 - Starting new HTTPS connection (1): api.weather.gov:443
DEBUG - 2023-10-28 17:00:02,205 - https://api.weather.gov:443 "GET /gridpoints/RNK/17,16/forecast/hourly HTTP/1.1" 200 5300
INFO - 2023-10-28 17:00:02,218 - Data successfully saved to forecast-data\forecast_10-28-2023_17-00-00.json
DEBUG - 2023-10-28 18:00:00,253 - Starting new HTTPS connection (1): api.weather.gov:443
DEBUG - 2023-10-28 18:00:00,897 - https://api.weather.gov:443 "GET /gridpoints/RNK/17,16/forecast/hourly HTTP/1.1" 200 5300
INFO - 2023-10-28 18:00:00,910 - Data successfully saved to forecast-data\forecast_10-28-2023_18-00-00.json
DEBUG - 2023-10-28 19:00:00,944 - Starting new HTTPS connection (1): api.weather.gov:443
DEBUG - 2023-10-28 19:00:01,523 - https://api.weather.gov:443 "GET /gridpoints/RNK/17,16/forecast/hourly HTTP/1.1" 200 5290
INFO - 2023-10-28 19:00:01,537 - Data successfully saved to forecast-data\forecast_10-28-2023_19-00-00.json
DEBUG - 2023-10-28 20:00:00,572 - Starting new HTTPS connection (1): api.weather.gov:443
DEBUG - 2023-10-28 20:00:01,121 - https://api.weather.gov:443 "GET /gridpoints/RNK/17,16/forecast/hourly HTTP/1.1" 200 5286
INFO - 2023-10-28 20:00:01,134 - Data successfully saved to forecast-data\forecast_10-28-2023_20-00-00.json
DEBUG - 2023-10-28 21:00:00,217 - Starting new HTTPS connection (1): api.weather.gov:443
DEBUG - 2023-10-28 21:00:00,795 - https://api.weather.gov:443 "GET /gridpoints/RNK/17,16/forecast/hourly HTTP/1.1" 200 5281
INFO - 2023-10-28 21:00:00,809 - Data successfully saved to forecast-data\forecast_10-28-2023_21-00-00.json
DEBUG - 2023-10-28 22:00:00,917 - Starting new HTTPS connection (1): api.weather.gov:443
DEBUG - 2023-10-28 22:00:02,445 - https://api.weather.gov:443 "GET /gridpoints/RNK/17,16/forecast/hourly HTTP/1.1" 200 5318
INFO - 2023-10-28 22:00:02,458 - Data successfully saved to forecast-data\forecast_10-28-2023_22-00-00.json
DEBUG - 2023-10-28 23:00:00,533 - Starting new HTTPS connection (1): api.weather.gov:443
DEBUG - 2023-10-28 23:00:01,172 - https://api.weather.gov:443 "GET /gridpoints/RNK/17,16/forecast/hourly HTTP/1.1" 200 5318
INFO - 2023-10-28 23:00:01,186 - Data successfully saved to forecast-data\forecast_10-28-2023_23-00-00.json
DEBUG - 2023-10-29 00:00:00,243 - Starting new HTTPS connection (1): api.weather.gov:443
DEBUG - 2023-10-29 00:00:00,684 - https://api.weather.gov:443 "GET /gridpoints/RNK/17,16/forecast/hourly HTTP/1.1" 200 5352
INFO - 2023-10-29 00:00:00,693 - Data successfully saved to forecast-data\forecast_10-29-2023_00-00-00.json
DEBUG - 2023-10-29 01:00:00,740 - Starting new HTTPS connection (1): api.weather.gov:443
DEBUG - 2023-10-29 01:00:01,294 - https://api.weather.gov:443 "GET /gridpoints/RNK/17,16/forecast/hourly HTTP/1.1" 200 5366
INFO - 2023-10-29 01:00:01,308 - Data successfully saved to forecast-data\forecast_10-29-2023_01-00-00.json
DEBUG - 2023-10-29 02:00:00,349 - Starting new HTTPS connection (1): api.weather.gov:443
DEBUG - 2023-10-29 02:00:02,130 - https://api.weather.gov:443 "GET /gridpoints/RNK/17,16/forecast/hourly HTTP/1.1" 500 338
DEBUG - 2023-10-29 02:00:12,134 - Starting new HTTPS connection (1): api.weather.gov:443
DEBUG - 2023-10-29 02:00:12,824 - https://api.weather.gov:443 "GET /gridpoints/RNK/17,16/forecast/hourly HTTP/1.1" 200 5343
INFO - 2023-10-29 02:00:12,833 - Data successfully saved to forecast-data\forecast_10-29-2023_02-00-12.json
DEBUG - 2023-10-29 03:00:00,872 - Starting new HTTPS connection (1): api.weather.gov:443
DEBUG - 2023-10-29 03:00:01,279 - https://api.weather.gov:443 "GET /gridpoints/RNK/17,16/forecast/hourly HTTP/1.1" 200 5343
INFO - 2023-10-29 03:00:01,292 - Data successfully saved to forecast-data\forecast_10-29-2023_03-00-00.json
DEBUG - 2023-10-29 04:00:00,329 - Starting new HTTPS connection (1): api.weather.gov:443
DEBUG - 2023-10-29 04:00:00,714 - https://api.weather.gov:443 "GET /gridpoints/RNK/17,16/forecast/hourly HTTP/1.1" 200 5358
INFO - 2023-10-29 04:00:00,729 - Data successfully saved to forecast-data\forecast_10-29-2023_04-00-00.json
DEBUG - 2023-10-29 05:00:00,764 - Starting new HTTPS connection (1): api.weather.gov:443
DEBUG - 2023-10-29 05:00:02,100 - https://api.weather.gov:443 "GET /gridpoints/RNK/17,16/forecast/hourly HTTP/1.1" 200 5317
INFO - 2023-10-29 05:00:02,113 - Data successfully saved to forecast-data\forecast_10-29-2023_05-00-00.json
DEBUG - 2023-10-29 06:00:00,186 - Starting new HTTPS connection (1): api.weather.gov:443
DEBUG - 2023-10-29 06:00:00,615 - https://api.weather.gov:443 "GET /gridpoints/RNK/17,16/forecast/hourly HTTP/1.1" 200 5317
INFO - 2023-10-29 06:00:00,628 - Data successfully saved to forecast-data\forecast_10-29-2023_06-00-00.json
DEBUG - 2023-10-29 07:00:00,743 - Starting new HTTPS connection (1): api.weather.gov:443
DEBUG - 2023-10-29 07:00:04,543 - https://api.weather.gov:443 "GET /gridpoints/RNK/17,16/forecast/hourly HTTP/1.1" 200 5290
INFO - 2023-10-29 07:00:04,552 - Data successfully saved to forecast-data\forecast_10-29-2023_07-00-00.json
DEBUG - 2023-10-29 08:00:00,631 - Starting new HTTPS connection (1): api.weather.gov:443
DEBUG - 2023-10-29 08:00:01,177 - https://api.weather.gov:443 "GET /gridpoints/RNK/17,16/forecast/hourly HTTP/1.1" 200 5290
INFO - 2023-10-29 08:00:01,190 - Data successfully saved to forecast-data\forecast_10-29-2023_08-00-00.json
DEBUG - 2023-10-29 09:00:00,250 - Starting new HTTPS connection (1): api.weather.gov:443
DEBUG - 2023-10-29 09:00:00,729 - https://api.weather.gov:443 "GET /gridpoints/RNK/17,16/forecast/hourly HTTP/1.1" 200 5283
INFO - 2023-10-29 09:00:00,742 - Data successfully saved to forecast-data\forecast_10-29-2023_09-00-00.json
DEBUG - 2023-10-29 10:00:00,791 - Starting new HTTPS connection (1): api.weather.gov:443
DEBUG - 2023-10-29 10:00:01,483 - https://api.weather.gov:443 "GET /gridpoints/RNK/17,16/forecast/hourly HTTP/1.1" 200 5295
INFO - 2023-10-29 10:00:01,497 - Data successfully saved to forecast-data\forecast_10-29-2023_10-00-00.json
DEBUG - 2023-10-29 11:00:00,539 - Starting new HTTPS connection (1): api.weather.gov:443
DEBUG - 2023-10-29 11:00:01,132 - https://api.weather.gov:443 "GET /gridpoints/RNK/17,16/forecast/hourly HTTP/1.1" 200 5287
INFO - 2023-10-29 11:00:01,146 - Data successfully saved to forecast-data\forecast_10-29-2023_11-00-00.json
DEBUG - 2023-10-29 12:00:00,186 - Starting new HTTPS connection (1): api.weather.gov:443
DEBUG - 2023-10-29 12:00:00,605 - https://api.weather.gov:443 "GET /gridpoints/RNK/17,16/forecast/hourly HTTP/1.1" 200 5285
INFO - 2023-10-29 12:00:00,618 - Data successfully saved to forecast-data\forecast_10-29-2023_12-00-00.json
